1530484022192	geckodriver	INFO	geckodriver 0.21.0
1530484022200	geckodriver	INFO	Listening on 127.0.0.1:54305
1530484023235	mozrunner::runner	INFO	Running command: "/Applications/Firefox.app/Contents/MacOS/firefox-bin" "-marionette" "--headless" "-foreground" "-no-remote" "-profile" "/var/folders/nx/hl3w7nhd2q91t0mbfp248wbh0000gn/T/rust_mozprofile.lWnHR362sfFE"
*** You are running in headless mode.
*** You are running in headless mode.
2018-07-01 15:27:09.885 plugin-container[86329:7945447] *** CFMessagePort: bootstrap_register(): failed 1100 (0x44c) 'Permission denied', port = 0x893f, name = 'com.apple.tsm.portname'
See /usr/include/servers/bootstrap_defs.h for the error codes.
2018-07-01 15:27:10.312 plugin-container[86330:7945472] *** CFMessagePort: bootstrap_register(): failed 1100 (0x44c) 'Permission denied', port = 0x893f, name = 'com.apple.tsm.portname'
See /usr/include/servers/bootstrap_defs.h for the error codes.
1530484031000	Marionette	INFO	Listening on port 54316
2018-07-01 15:27:11.436 plugin-container[86332:7945573] *** CFMessagePort: bootstrap_register(): failed 1100 (0x44c) 'Permission denied', port = 0x733f, name = 'com.apple.tsm.portname'
See /usr/include/servers/bootstrap_defs.h for the error codes.
1530484035487	geckodriver	INFO	geckodriver 0.21.0
1530484035496	geckodriver	INFO	Listening on 127.0.0.1:54331
1530484036514	mozrunner::runner	INFO	Running command: "/Applications/Firefox.app/Contents/MacOS/firefox-bin" "-marionette" "--headless" "-foreground" "-no-remote" "-profile" "/var/folders/nx/hl3w7nhd2q91t0mbfp248wbh0000gn/T/rust_mozprofile.MspdlYn5cqbn"
*** You are running in headless mode.
2018-07-01 15:27:18.159 plugin-container[86335:7945767] *** CFMessagePort: bootstrap_register(): failed 1100 (0x44c) 'Permission denied', port = 0x7f0b, name = 'com.apple.tsm.portname'
See /usr/include/servers/bootstrap_defs.h for the error codes.
2018-07-01 15:27:18.747 plugin-container[86336:7945802] *** CFMessagePort: bootstrap_register(): failed 1100 (0x44c) 'Permission denied', port = 0x7143, name = 'com.apple.tsm.portname'
See /usr/include/servers/bootstrap_defs.h for the error codes.
1530484039609	Marionette	INFO	Listening on port 54342
1530484039732	Marionette	WARN	TLS certificate errors will be ignored for this session
2018-07-01 15:27:19.792 plugin-container[86337:7945897] *** CFMessagePort: bootstrap_register(): failed 1100 (0x44c) 'Permission denied', port = 0x883f, name = 'com.apple.tsm.portname'
See /usr/include/servers/bootstrap_defs.h for the error codes.
JavaScript error: chrome://global/content/bindings/videocontrols.xml, line 280: NS_ERROR_NOT_AVAILABLE: 
[GFX1-]: Receive IPC close with reason=AbnormalShutdown
[GFX1-]: Receive IPC close with reason=AbnormalShutdown
